1525813312028	geckodriver	INFO	geckodriver 0.20.0
1525813312240	geckodriver	INFO	Listening on 127.0.0.1:54049
1525813312982	mozrunner::runner	INFO	Running command: "/usr/bin/firefox" "-marionette" "-profile" "/tmp/rust_mozprofile.Sk4fUZnGR5Hw"
1525813313840	Marionette	INFO	Enabled via --marionette
1525813316174	Marionette	INFO	Listening on port 34315
1525813316208	Marionette	WARN	TLS certificate errors will be ignored for this session
JavaScript error: resource://devtools/shared/base-loader.js -> resource://devtools/server/actors/highlighters/box-model.js, line 416: TypeError: quads is undefined
JavaScript error: resource://devtools/shared/base-loader.js -> resource://devtools/server/actors/tab.js, line 1420: TypeError: this._tabPool is null
JavaScript error: resource://devtools/shared/base-loader.js -> resource://devtools/server/actors/tab.js, line 1420: TypeError: this._tabPool is null
JavaScript error: resource://devtools/shared/base-loader.js -> resource://devtools/server/actors/tab.js, line 1420: TypeError: this._tabPool is null
Handler function NetworkEventActorProxy.addSecurityInfo threw an exception: [Exception... "Component returned failure code: 0xc1f30001 (NS_ERROR_NOT_INITIALIZED) [nsIMessageSender.sendAsyncMessage]"  nsresult: "0xc1f30001 (NS_ERROR_NOT_INITIALIZED)"  location: "JS frame :: resource://devtools/shared/base-loader.js -> resource://devtools/shared/webconsole/network-monitor.js :: NetworkEventActorProxy.methodFactory/< :: line 1875"  data: no]
Stack: NetworkEventActorProxy.methodFactory/<@resource://devtools/shared/base-loader.js -> resource://devtools/shared/webconsole/network-monitor.js:1875:5
exports.makeInfallible/<@resource://devtools/shared/base-loader.js -> resource://devtools/shared/ThreadSafeDevToolsUtils.js:109:14
NetworkResponseListener.prototype._getSecurityInfo<@resource://devtools/shared/base-loader.js -> resource://devtools/shared/webconsole/network-monitor.js:521:5
exports.makeInfallible/<@resource://devtools/shared/base-loader.js -> resource://devtools/shared/ThreadSafeDevToolsUtils.js:109:14
onStartRequest@resource://devtools/shared/base-loader.js -> resource://devtools/shared/webconsole/network-monitor.js:441:5
Line: 1875, column: 0
console.error: 
  Handler function NetworkEventActorProxy.addSecurityInfo threw an exception: [Exception... "Component returned failure code: 0xc1f30001 (NS_ERROR_NOT_INITIALIZED) [nsIMessageSender.sendAsyncMessage]"  nsresult: "0xc1f30001 (NS_ERROR_NOT_INITIALIZED)"  location: "JS frame :: resource://devtools/shared/base-loader.js -> resource://devtools/shared/webconsole/network-monitor.js :: NetworkEventActorProxy.methodFactory/< :: line 1875"  data: no]
Stack: NetworkEventActorProxy.methodFactory/<@resource://devtools/shared/base-loader.js -> resource://devtools/shared/webconsole/network-monitor.js:1875:5
exports.makeInfallible/<@resource://devtools/shared/base-loader.js -> resource://devtools/shared/ThreadSafeDevToolsUtils.js:109:14
NetworkResponseListener.prototype._getSecurityInfo<@resource://devtools/shared/base-loader.js -> resource://devtools/shared/webconsole/network-monitor.js:521:5
exports.makeInfallible/<@resource://devtools/shared/base-loader.js -> resource://devtools/shared/ThreadSafeDevToolsUtils.js:109:14
onStartRequest@resource://devtools/shared/base-loader.js -> resource://devtools/shared/webconsole/network-monitor.js:441:5
Line: 1875, column: 0
Handler function NetworkEventActorProxy.addResponseContent threw an exception: [Exception... "Component returned failure code: 0xc1f30001 (NS_ERROR_NOT_INITIALIZED) [nsIMessageSender.sendAsyncMessage]"  nsresult: "0xc1f30001 (NS_ERROR_NOT_INITIALIZED)"  location: "JS frame :: resource://devtools/shared/base-loader.js -> resource://devtools/shared/webconsole/network-monitor.js :: NetworkEventActorProxy.methodFactory/< :: line 1875"  data: no]
Stack: NetworkEventActorProxy.methodFactory/<@resource://devtools/shared/base-loader.js -> resource://devtools/shared/webconsole/network-monitor.js:1875:5
exports.makeInfallible/<@resource://devtools/shared/base-loader.js -> resource://devtools/shared/ThreadSafeDevToolsUtils.js:109:14
_onComplete@resource://devtools/shared/base-loader.js -> resource://devtools/shared/webconsole/network-monitor.js:651:5
onStreamClose@resource://devtools/shared/base-loader.js -> resource://devtools/shared/webconsole/network-monitor.js:600:7
onInputStreamReady@resource://devtools/shared/base-loader.js -> resource://devtools/shared/webconsole/network-monitor.js:702:7
Line: 1875, column: 0
console.error: 
  Handler function NetworkEventActorProxy.addResponseContent threw an exception: [Exception... "Component returned failure code: 0xc1f30001 (NS_ERROR_NOT_INITIALIZED) [nsIMessageSender.sendAsyncMessage]"  nsresult: "0xc1f30001 (NS_ERROR_NOT_INITIALIZED)"  location: "JS frame :: resource://devtools/shared/base-loader.js -> resource://devtools/shared/webconsole/network-monitor.js :: NetworkEventActorProxy.methodFactory/< :: line 1875"  data: no]
Stack: NetworkEventActorProxy.methodFactory/<@resource://devtools/shared/base-loader.js -> resource://devtools/shared/webconsole/network-monitor.js:1875:5
exports.makeInfallible/<@resource://devtools/shared/base-loader.js -> resource://devtools/shared/ThreadSafeDevToolsUtils.js:109:14
_onComplete@resource://devtools/shared/base-loader.js -> resource://devtools/shared/webconsole/network-monitor.js:651:5
onStreamClose@resource://devtools/shared/base-loader.js -> resource://devtools/shared/webconsole/network-monitor.js:600:7
onInputStreamReady@resource://devtools/shared/base-loader.js -> resource://devtools/shared/webconsole/network-monitor.js:702:7
Line: 1875, column: 0
[Child 2753, Chrome_ChildThread] WARNING: pipe error: Broken pipe: file /build/firefox-ikZgcS/firefox-59.0.2+build1/ipc/chromium/src/chrome/common/ipc_channel_posix.cc, line 709
[Child 2753, Chrome_ChildThread] WARNING: pipe error: Broken pipe: file /build/firefox-ikZgcS/firefox-59.0.2+build1/ipc/chromium/src/chrome/common/ipc_channel_posix.cc, line 709
[Child 2753, Chrome_ChildThread] WARNING: pipe error: Broken pipe: file /build/firefox-ikZgcS/firefox-59.0.2+build1/ipc/chromium/src/chrome/common/ipc_channel_posix.cc, line 709
[Parent 2692, Gecko_IOThread] WARNING: pipe error (75): Connection reset by peer: file /build/firefox-ikZgcS/firefox-59.0.2+build1/ipc/chromium/src/chrome/common/ipc_channel_posix.cc, line 353
1525814446539	geckodriver	INFO	geckodriver 0.20.0
1525814446551	geckodriver	INFO	Listening on 127.0.0.1:38561
1525814447550	mozrunner::runner	INFO	Running command: "/usr/bin/firefox" "-marionette" "-profile" "/tmp/rust_mozprofile.oLeuvu4dkhdP"
1525814448448	Marionette	INFO	Enabled via --marionette
1525814451370	Marionette	INFO	Listening on port 39741
1525814451488	Marionette	WARN	TLS certificate errors will be ignored for this session
1525814625092	geckodriver	INFO	geckodriver 0.20.0
1525814625146	geckodriver	INFO	Listening on 127.0.0.1:45287
1525814626106	mozrunner::runner	INFO	Running command: "/usr/bin/firefox" "-marionette" "-profile" "/tmp/rust_mozprofile.AttsoBZscSid"
1525814627632	Marionette	INFO	Enabled via --marionette
1525814630612	Marionette	INFO	Listening on port 39003
1525814630662	Marionette	WARN	TLS certificate errors will be ignored for this session
*** UTM:SVC TimerManager:registerTimer called after profile-before-change notification. Ignoring timer registration for id: telemetry_modules_ping
1525814695721	geckodriver	INFO	geckodriver 0.20.0
1525814695731	geckodriver	INFO	Listening on 127.0.0.1:34529
1525814696732	mozrunner::runner	INFO	Running command: "/usr/bin/firefox" "-marionette" "-profile" "/tmp/rust_mozprofile.Sm7nQfLl02Zg"
1525814697754	Marionette	INFO	Enabled via --marionette
1525814700224	Marionette	INFO	Listening on port 40317
1525814700266	Marionette	WARN	TLS certificate errors will be ignored for this session
*** UTM:SVC TimerManager:registerTimer called after profile-before-change notification. Ignoring timer registration for id: telemetry_modules_ping
1525814800263	geckodriver	INFO	geckodriver 0.20.0
1525814800271	geckodriver	INFO	Listening on 127.0.0.1:45407
1525814801279	mozrunner::runner	INFO	Running command: "/usr/bin/firefox" "-marionette" "-profile" "/tmp/rust_mozprofile.zOEGHbrdpoXs"
1525814802130	Marionette	INFO	Enabled via --marionette
1525814805070	Marionette	INFO	Listening on port 42331
1525814805146	Marionette	WARN	TLS certificate errors will be ignored for this session
[GFX1-]: Receive IPC close with reason=AbnormalShutdown
[Child 4395, Chrome_ChildThread] WARNING: pipe error (3): Connection reset by peer: file /build/firefox-ikZgcS/firefox-59.0.2+build1/ipc/chromium/src/chrome/common/ipc_channel_posix.cc, line 353
1525814839071	geckodriver	INFO	geckodriver 0.20.0
1525814839081	geckodriver	INFO	Listening on 127.0.0.1:37037
1525814840085	mozrunner::runner	INFO	Running command: "/usr/bin/firefox" "-marionette" "-profile" "/tmp/rust_mozprofile.s63b7dzgvwK4"
1525814840930	Marionette	INFO	Enabled via --marionette
1525814843364	Marionette	INFO	Listening on port 33315
1525814843442	Marionette	WARN	TLS certificate errors will be ignored for this session
[Child 4528, Chrome_ChildThread] WARNING: pipe error (3): Connection reset by peer: file /build/firefox-ikZgcS/firefox-59.0.2+build1/ipc/chromium/src/chrome/common/ipc_channel_posix.cc, line 353
1525815339765	geckodriver	INFO	geckodriver 0.20.0
1525815339773	geckodriver	INFO	Listening on 127.0.0.1:36221
1525815339911	mozrunner::runner	INFO	Running command: "/usr/bin/firefox" "-marionette" "-profile" "/tmp/rust_mozprofile.aUVVfFDdKG5p"
1525815341412	Marionette	INFO	Enabled via --marionette
1525815344850	Marionette	INFO	Listening on port 37919
1525815344948	Marionette	WARN	TLS certificate errors will be ignored for this session
1525821875988	geckodriver	INFO	geckodriver 0.20.0
1525821876192	geckodriver	INFO	Listening on 127.0.0.1:59691
1525821876989	mozrunner::runner	INFO	Running command: "/usr/bin/firefox" "-marionette" "--headless" "-profile" "/tmp/rust_mozprofile.2pLvnjSJzdbZ"
*** You are running in headless mode.
1525821878796	Marionette	INFO	Enabled via --marionette
1525821881678	Marionette	INFO	Listening on port 42897
1525821881730	Marionette	WARN	TLS certificate errors will be ignored for this session
